Copyright 1986-2022 Xilinx, Inc. All Rights Reserved.
-----------------------------------------------------------------------------------------
| Tool Version      : Vivado v.2022.1 (win64) Build 3526262 Mon Apr 18 15:48:16 MDT 2022
| Date              : Tue Dec 17 21:22:21 2024
| Host              : DESKTOP-T0U5DNL running 64-bit major release  (build 9200)
| Command           : report_clock_utilization -file top_clock_utilization_routed.rpt
| Design            : top
| Device            : xczu3eg-sbva484
| Speed File        : -1  PRODUCTION 1.29 08-03-2020
| Temperature Grade : E
| Design State      : Routed
-----------------------------------------------------------------------------------------

Clock Utilization Report

Table of Contents
-----------------
1. Clock Primitive Utilization
2. Global Clock Resources
3. Global Clock Source Details
4. Clock Regions : Clock Primitives
5. Clock Regions : Load Primitives
6. Clock Regions : Global Clock Summary
7. Clock Regions : Routing Resource Utilization
8. Device Cell Placement Summary for Global Clock g0
9. Device Cell Placement Summary for Global Clock g1
10. Device Cell Placement Summary for Global Clock g2
11. Device Cell Placement Summary for Global Clock g3
12. Device Cell Placement Summary for Global Clock g4
13. Clock Region Cell Placement per Global Clock: Region X0Y0
14. Clock Region Cell Placement per Global Clock: Region X1Y0
15. Clock Region Cell Placement per Global Clock: Region X0Y1
16. Clock Region Cell Placement per Global Clock: Region X1Y1
17. Clock Region Cell Placement per Global Clock: Region X0Y2
18. Clock Region Cell Placement per Global Clock: Region X1Y2

1. Clock Primitive Utilization
------------------------------

+------------+------+-----------+-----+--------------+--------+
| Type       | Used | Available | LOC | Clock Region | Pblock |
+------------+------+-----------+-----+--------------+--------+
| BUFGCE     |    5 |        88 |   0 |            0 |      0 |
| BUFGCE_DIV |    0 |        12 |   0 |            0 |      0 |
| BUFGCTRL   |    0 |        24 |   0 |            0 |      0 |
| MMCM       |    0 |         3 |   0 |            0 |      0 |
| PLL        |    0 |         6 |   0 |            0 |      0 |
+------------+------+-----------+-----+--------------+--------+


2. Global Clock Resources
-------------------------

+-----------+-----------+-----------------+------------+------------------+--------------+------+-------------------+-------------------+-------------+-----------------+--------------+-------+--------------------------------+-------------------------+
| Global Id | Source Id | Driver Type/Pin | Constraint | Site             | Clock Region | Root | Clock Delay Group | Load Clock Region | Clock Loads | Non-Clock Loads | Clock Period | Clock | Driver Pin                     | Net                     |
+-----------+-----------+-----------------+------------+------------------+--------------+------+-------------------+-------------------+-------------+-----------------+--------------+-------+--------------------------------+-------------------------+
| g0        | src0      | BUFGCE/O        | None       | BUFGCE_X0Y0      | X1Y0         | X0Y1 |                   |                 5 |         225 |               1 |              |       | TFTLCD_TCLK_o_OBUF_BUFG_inst/O | TFTLCD_TCLK_o_OBUF_BUFG |
| g1        | src1      | BUFGCE/O        | None       | BUFGCE_X0Y54     | X1Y2         | X0Y1 |                   |                 6 |         165 |               0 |              |       | camera_PCLK_i_IBUF_BUFG_inst/O | camera_PCLK_i_IBUF_BUFG |
| g2        | src2      | BUFGCE/O        | None       | BUFGCE_X0Y49     | X1Y2         | X0Y1 |                   |                 2 |          81 |               0 |              |       | clk_i2c_w_BUFG_inst/O          | clk_i2c_w_BUFG          |
| g3        | src3      | BUFGCE/O        | None       | BUFGCE_X0Y26     | X1Y1         | X1Y1 |                   |                 3 |          34 |               1 |              |       | camera_MCLK_o_OBUF_BUFG_inst/O | camera_MCLK_o_OBUF_BUFG |
| g4        | src4      | BUFGCE/O        | None       | BUFGCE_HDIO_X0Y4 | X0Y2         | X1Y1 |                   |                 1 |          17 |               0 |              |       | sysclk_i_IBUF_BUFG_inst/O      | sysclk_i_IBUF_BUFG      |
+-----------+-----------+-----------------+------------+------------------+--------------+------+-------------------+-------------------+-------------+-----------------+--------------+-------+--------------------------------+-------------------------+
* Clock Loads column represents the clock pin loads (pin count). Internal cell leaf pins are not counted
** Non-Clock Loads column represents the non-clock pin loads (pin count)


3. Global Clock Source Details
------------------------------

+-----------+-----------+-----------------+------------+---------------+--------------+-------------+-----------------+---------------------+--------------+-----------------------------------------+-----------------------------------+
| Source Id | Global Id | Driver Type/Pin | Constraint | Site          | Clock Region | Clock Loads | Non-Clock Loads | Source Clock Period | Source Clock | Driver Pin                              | Net                               |
+-----------+-----------+-----------------+------------+---------------+--------------+-------------+-----------------+---------------------+--------------+-----------------------------------------+-----------------------------------+
| src0      | g0        | FDRE/Q          | None       | SLICE_X48Y31  | X1Y0         |           1 |               1 |                     |              | CLK_GEN_TFTLCD/sig_clk_out_reg/Q        | CLK_GEN_TFTLCD/TFTLCD_TCLK_o_OBUF |
| src1      | g1        | IBUFCTRL/O      | IOB_X0Y105 | IOB_X0Y105    | X0Y2         |           1 |               0 |                     |              | camera_PCLK_i_IBUF_inst/IBUFCTRL_INST/O | camera_PCLK_i_IBUF_inst/O         |
| src2      | g2        | FDRE/Q          | None       | SLICE_X48Y151 | X1Y2         |           1 |               1 |                     |              | CLK_GEN_I2C/sig_clk_out_reg/Q           | CLK_GEN_I2C/clk_i2c_w             |
| src3      | g3        | FDRE/Q          | None       | SLICE_X48Y91  | X1Y1         |           1 |               1 |                     |              | CLK_GEN_MAIN/sig_clk_out_reg/Q          | CLK_GEN_MAIN/camera_MCLK_o_OBUF   |
| src4      | g4        | IBUFCTRL/O      | IOB_X0Y112 | IOB_X0Y112    | X0Y2         |           1 |               0 |                     |              | sysclk_i_IBUF_inst/IBUFCTRL_INST/O      | sysclk_i_IBUF_inst/O              |
+-----------+-----------+-----------------+------------+---------------+--------------+-------------+-----------------+---------------------+--------------+-----------------------------------------+-----------------------------------+
* Clock Loads column represents the clock pin loads (pin count). Internal cell leaf pins are not counted
** Non-Clock Loads column represents the non-clock pin loads (pin count)


4. Clock Regions : Clock Primitives
-----------------------------------

+-------------------+---------------+---------------+---------------+---------------+---------------+---------------+---------------+
|                   |  Global Clock |     BUFGCE    |   BUFGCE_DIV  |    BUFGCTRL   |    BUFG_GT    |      MMCM     |      PLL      |
+-------------------+-------+-------+-------+-------+-------+-------+-------+-------+-------+-------+-------+-------+-------+-------+
| Clock Region Name | Used  | Avail | Used  | Avail | Used  | Avail | Used  | Avail | Used  | Avail | Used  | Avail | Used  | Avail |
+-------------------+-------+-------+-------+-------+-------+-------+-------+-------+-------+-------+-------+-------+-------+-------+
| X0Y0              |     2 |    24 |     0 |     4 |     0 |     0 |     0 |     0 |     0 |     0 |     0 |     0 |     0 |     0 |
| X1Y0              |     3 |    24 |     1 |    28 |     0 |     4 |     0 |     8 |     0 |     0 |     0 |     1 |     0 |     2 |
| X0Y1              |     3 |    24 |     0 |     4 |     0 |     0 |     0 |     0 |     0 |     0 |     0 |     0 |     0 |     0 |
| X1Y1              |     3 |    24 |     1 |    24 |     0 |     4 |     0 |     8 |     0 |     0 |     0 |     1 |     0 |     2 |
| X0Y2              |     4 |    24 |     1 |     4 |     0 |     0 |     0 |     0 |     0 |     0 |     0 |     0 |     0 |     0 |
| X1Y2              |     3 |    24 |     2 |    24 |     0 |     4 |     0 |     8 |     0 |     0 |     0 |     1 |     0 |     2 |
+-------------------+-------+-------+-------+-------+-------+-------+-------+-------+-------+-------+-------+-------+-------+-------+
* Global Clock column represents track count; while other columns represents cell counts


5. Clock Regions : Load Primitives
----------------------------------

+-------------------+------------------+------------------+------------------+------------------+------------------+------------------+------------------+
|                   |   Global Clock   |        FF        |      LUTRAM      |  Block RAM (18K) |        DSP       |        GT        |      HARD IP     |
+-------------------+--------+---------+--------+---------+--------+---------+--------+---------+--------+---------+--------+---------+--------+---------+
| Clock Region Name | Used   | Avail   | Used   | Avail   | Used   | Avail   | Used   | Avail   | Used   | Avail   | Used   | Avail   | Used   | Avail   |
+-------------------+--------+---------+--------+---------+--------+---------+--------+---------+--------+---------+--------+---------+--------+---------+
| X0Y0              |      2 |      24 |      0 |   27840 |      0 |    4800 |     10 |      72 |      0 |      72 |      0 |       0 |      0 |       0 |
| X1Y0              |      3 |      24 |     17 |   19200 |      0 |    4800 |     14 |      72 |      0 |      48 |      0 |       0 |      0 |       0 |
| X0Y1              |      3 |      24 |    142 |   27840 |      0 |    4800 |     46 |      72 |      0 |      72 |      0 |       0 |      0 |       0 |
| X1Y1              |      3 |      24 |    159 |   19200 |      0 |    4800 |     48 |      72 |      0 |      48 |      0 |       0 |      0 |       0 |
| X0Y2              |      4 |      24 |     67 |   27840 |      0 |    4800 |      0 |      72 |      0 |      72 |      0 |       0 |      0 |       0 |
| X1Y2              |      3 |      24 |     17 |   19200 |      0 |    4800 |      2 |      72 |      0 |      48 |      0 |       0 |      0 |       0 |
+-------------------+--------+---------+--------+---------+--------+---------+--------+---------+--------+---------+--------+---------+--------+---------+
* Global Clock column represents track count; while other columns represents cell counts


6. Clock Regions : Global Clock Summary
---------------------------------------

All Modules
+----+----+----+
|    | X0 | X1 |
+----+----+----+
| Y2 |  5 |  5 |
| Y1 |  3 |  4 |
| Y0 |  2 |  3 |
+----+----+----+


7. Clock Regions : Routing Resource Utilization
-----------------------------------------------

All Modules
+-------------------+----------------------+----------------------+----------------------+----------------------+
|                   |        HROUTES       |        HDISTRS       |        VROUTES       |        VDISTRS       |
+-------------------+------+-------+-------+------+-------+-------+------+-------+-------+------+-------+-------+
| Clock Region Name | Used | Avail | Util% | Used | Avail | Util% | Used | Avail | Util% | Used | Avail | Util% |
+-------------------+------+-------+-------+------+-------+-------+------+-------+-------+------+-------+-------+
| X0Y0              |    2 |    24 |  8.33 |    2 |    24 |  8.33 |    0 |    24 |  0.00 |    2 |    24 |  8.33 |
| X1Y0              |    2 |    24 |  8.33 |    3 |    24 | 12.50 |    0 |    24 |  0.00 |    1 |    24 |  4.17 |
| X0Y1              |    0 |    24 |  0.00 |    3 |    24 | 12.50 |    3 |    24 | 12.50 |    3 |    24 | 12.50 |
| X1Y1              |    0 |    24 |  0.00 |    3 |    24 | 12.50 |    1 |    24 |  4.17 |    2 |    24 |  8.33 |
| X0Y2              |    5 |    24 | 20.83 |    4 |    24 | 16.67 |    2 |    24 |  8.33 |    0 |    24 |  0.00 |
| X1Y2              |    5 |    24 | 20.83 |    3 |    24 | 12.50 |    1 |    24 |  4.17 |    0 |    24 |  0.00 |
+-------------------+------+-------+-------+------+-------+-------+------+-------+-------+------+-------+-------+


8. Device Cell Placement Summary for Global Clock g0
----------------------------------------------------

+-----------+-----------------+-------------------+-------+-------------+---------------+----------+-------------+----------+----------------+----------+-------------------------+
| Global Id | Driver Type/Pin | Driver Region (D) | Clock | Period (ns) | Waveform (ns) | Root (R) | Slice Loads | IO Loads | Clocking Loads | GT Loads | Net                     |
+-----------+-----------------+-------------------+-------+-------------+---------------+----------+-------------+----------+----------------+----------+-------------------------+
| g0        | BUFGCE/O        | X1Y0              |       |             |               | X0Y1     |         225 |        1 |              0 |        0 | TFTLCD_TCLK_o_OBUF_BUFG |
+-----------+-----------------+-------------------+-------+-------------+---------------+----------+-------------+----------+----------------+----------+-------------------------+
* Slice Loads column represents load cell count of all cell types other than IO, GT and clock resources
** IO Loads column represents load cell count of IO types
*** Clocking Loads column represents load cell count that are clock resources (global clock buffer, MMCM, PLL, etc)
**** GT Loads column represents load cell count of GT types


+----+--------+--------+-----------------------+
|    | X0     | X1     | HORIZONTAL PROG DELAY |
+----+--------+--------+-----------------------+
| Y2 |      0 |      1 |                     0 |
| Y1 | (R) 46 |    167 |                     0 |
| Y0 |      5 |  (D) 7 |                     0 |
+----+--------+--------+-----------------------+


9. Device Cell Placement Summary for Global Clock g1
----------------------------------------------------

+-----------+-----------------+-------------------+-------+-------------+---------------+----------+-------------+----------+----------------+----------+-------------------------+
| Global Id | Driver Type/Pin | Driver Region (D) | Clock | Period (ns) | Waveform (ns) | Root (R) | Slice Loads | IO Loads | Clocking Loads | GT Loads | Net                     |
+-----------+-----------------+-------------------+-------+-------------+---------------+----------+-------------+----------+----------------+----------+-------------------------+
| g1        | BUFGCE/O        | X1Y2              |       |             |               | X0Y1     |         165 |        0 |              0 |        0 | camera_PCLK_i_IBUF_BUFG |
+-----------+-----------------+-------------------+-------+-------------+---------------+----------+-------------+----------+----------------+----------+-------------------------+
* Slice Loads column represents load cell count of all cell types other than IO, GT and clock resources
** IO Loads column represents load cell count of IO types
*** Clocking Loads column represents load cell count that are clock resources (global clock buffer, MMCM, PLL, etc)
**** GT Loads column represents load cell count of GT types


+----+---------+--------+-----------------------+
|    | X0      | X1     | HORIZONTAL PROG DELAY |
+----+---------+--------+-----------------------+
| Y2 |      10 |  (D) 1 |                     0 |
| Y1 | (R) 118 |     24 |                     0 |
| Y0 |       5 |      7 |                     0 |
+----+---------+--------+-----------------------+


10. Device Cell Placement Summary for Global Clock g2
-----------------------------------------------------

+-----------+-----------------+-------------------+-------+-------------+---------------+----------+-------------+----------+----------------+----------+----------------+
| Global Id | Driver Type/Pin | Driver Region (D) | Clock | Period (ns) | Waveform (ns) | Root (R) | Slice Loads | IO Loads | Clocking Loads | GT Loads | Net            |
+-----------+-----------------+-------------------+-------+-------------+---------------+----------+-------------+----------+----------------+----------+----------------+
| g2        | BUFGCE/O        | X1Y2              |       |             |               | X0Y1     |          81 |        0 |              0 |        0 | clk_i2c_w_BUFG |
+-----------+-----------------+-------------------+-------+-------------+---------------+----------+-------------+----------+----------------+----------+----------------+
* Slice Loads column represents load cell count of all cell types other than IO, GT and clock resources
** IO Loads column represents load cell count of IO types
*** Clocking Loads column represents load cell count that are clock resources (global clock buffer, MMCM, PLL, etc)
**** GT Loads column represents load cell count of GT types


+----+--------+--------+-----------------------+
|    | X0     | X1     | HORIZONTAL PROG DELAY |
+----+--------+--------+-----------------------+
| Y2 |     57 |  (D) 0 |                     0 |
| Y1 | (R) 24 |      0 |                     0 |
| Y0 |      0 |      0 |                     - |
+----+--------+--------+-----------------------+


11. Device Cell Placement Summary for Global Clock g3
-----------------------------------------------------

+-----------+-----------------+-------------------+-------+-------------+---------------+----------+-------------+----------+----------------+----------+-------------------------+
| Global Id | Driver Type/Pin | Driver Region (D) | Clock | Period (ns) | Waveform (ns) | Root (R) | Slice Loads | IO Loads | Clocking Loads | GT Loads | Net                     |
+-----------+-----------------+-------------------+-------+-------------+---------------+----------+-------------+----------+----------------+----------+-------------------------+
| g3        | BUFGCE/O        | X1Y1              |       |             |               | X1Y1     |          34 |        1 |              0 |        0 | camera_MCLK_o_OBUF_BUFG |
+-----------+-----------------+-------------------+-------+-------------+---------------+----------+-------------+----------+----------------+----------+-------------------------+
* Slice Loads column represents load cell count of all cell types other than IO, GT and clock resources
** IO Loads column represents load cell count of IO types
*** Clocking Loads column represents load cell count that are clock resources (global clock buffer, MMCM, PLL, etc)
**** GT Loads column represents load cell count of GT types


+----+----+-----------+-----------------------+
|    | X0 | X1        | HORIZONTAL PROG DELAY |
+----+----+-----------+-----------------------+
| Y2 |  1 |        17 |                     0 |
| Y1 |  0 | (R) (D) 0 |                     - |
| Y0 |  0 |        17 |                     0 |
+----+----+-----------+-----------------------+


12. Device Cell Placement Summary for Global Clock g4
-----------------------------------------------------

+-----------+-----------------+-------------------+-------+-------------+---------------+----------+-------------+----------+----------------+----------+--------------------+
| Global Id | Driver Type/Pin | Driver Region (D) | Clock | Period (ns) | Waveform (ns) | Root (R) | Slice Loads | IO Loads | Clocking Loads | GT Loads | Net                |
+-----------+-----------------+-------------------+-------+-------------+---------------+----------+-------------+----------+----------------+----------+--------------------+
| g4        | BUFGCE/O        | X0Y2              |       |             |               | X1Y1     |          17 |        0 |              0 |        0 | sysclk_i_IBUF_BUFG |
+-----------+-----------------+-------------------+-------+-------------+---------------+----------+-------------+----------+----------------+----------+--------------------+
* Slice Loads column represents load cell count of all cell types other than IO, GT and clock resources
** IO Loads column represents load cell count of IO types
*** Clocking Loads column represents load cell count that are clock resources (global clock buffer, MMCM, PLL, etc)
**** GT Loads column represents load cell count of GT types


+----+--------+--------+-----------------------+
|    | X0     | X1     | HORIZONTAL PROG DELAY |
+----+--------+--------+-----------------------+
| Y2 |  (D) 0 |      0 |                     - |
| Y1 |      0 | (R) 17 |                     0 |
| Y0 |      0 |      0 |                     - |
+----+--------+--------+-----------------------+


13. Clock Region Cell Placement per Global Clock: Region X0Y0
-------------------------------------------------------------

+-----------+-------+-----------------+------------+-------------+-----------------+----+-------------+------+-----+----+------+-----+---------+-------------------------+
| Global Id | Track | Driver Type/Pin | Constraint | Clock Loads | Non-Clock Loads | FF | Memory LUTs | RAMB | DSP | GT | MMCM | PLL | Hard IP | Net                     |
+-----------+-------+-----------------+------------+-------------+-----------------+----+-------------+------+-----+----+------+-----+---------+-------------------------+
| g0        | 0     | BUFGCE/O        | None       |           5 |               0 |  0 |           0 |    5 |   0 |  0 |    0 |   0 |       0 | TFTLCD_TCLK_o_OBUF_BUFG |
| g1        | 6     | BUFGCE/O        | None       |           5 |               0 |  0 |           0 |    5 |   0 |  0 |    0 |   0 |       0 | camera_PCLK_i_IBUF_BUFG |
+-----------+-------+-----------------+------------+-------------+-----------------+----+-------------+------+-----+----+------+-----+---------+-------------------------+
* Clock Loads column represents the clock pin loads (pin count). Internal cell leaf pins are not counted
** Non-Clock Loads column represents the non-clock pin loads (pin count)
*** Columns FF, LUTRAM, RAMB through 'Hard IP' represents load cell counts


14. Clock Region Cell Placement per Global Clock: Region X1Y0
-------------------------------------------------------------

+-----------+-------+-----------------+------------+-------------+-----------------+----+-------------+------+-----+----+------+-----+---------+-------------------------+
| Global Id | Track | Driver Type/Pin | Constraint | Clock Loads | Non-Clock Loads | FF | Memory LUTs | RAMB | DSP | GT | MMCM | PLL | Hard IP | Net                     |
+-----------+-------+-----------------+------------+-------------+-----------------+----+-------------+------+-----+----+------+-----+---------+-------------------------+
| g0        | 0     | BUFGCE/O        | None       |           7 |               0 |  0 |           0 |    7 |   0 |  0 |    0 |   0 |       0 | TFTLCD_TCLK_o_OBUF_BUFG |
| g1        | 6     | BUFGCE/O        | None       |           7 |               0 |  0 |           0 |    7 |   0 |  0 |    0 |   0 |       0 | camera_PCLK_i_IBUF_BUFG |
| g3        | 2     | BUFGCE/O        | None       |          17 |               0 | 17 |           0 |    0 |   0 |  0 |    0 |   0 |       0 | camera_MCLK_o_OBUF_BUFG |
+-----------+-------+-----------------+------------+-------------+-----------------+----+-------------+------+-----+----+------+-----+---------+-------------------------+
* Clock Loads column represents the clock pin loads (pin count). Internal cell leaf pins are not counted
** Non-Clock Loads column represents the non-clock pin loads (pin count)
*** Columns FF, LUTRAM, RAMB through 'Hard IP' represents load cell counts


15. Clock Region Cell Placement per Global Clock: Region X0Y1
-------------------------------------------------------------

+-----------+-------+-----------------+------------+-------------+-----------------+----+-------------+------+-----+----+------+-----+---------+-------------------------+
| Global Id | Track | Driver Type/Pin | Constraint | Clock Loads | Non-Clock Loads | FF | Memory LUTs | RAMB | DSP | GT | MMCM | PLL | Hard IP | Net                     |
+-----------+-------+-----------------+------------+-------------+-----------------+----+-------------+------+-----+----+------+-----+---------+-------------------------+
| g0        | 0     | BUFGCE/O        | None       |          46 |               0 | 23 |           0 |   23 |   0 |  0 |    0 |   0 |       0 | TFTLCD_TCLK_o_OBUF_BUFG |
| g1        | 6     | BUFGCE/O        | None       |         118 |               0 | 95 |           0 |   23 |   0 |  0 |    0 |   0 |       0 | camera_PCLK_i_IBUF_BUFG |
| g2        | 1     | BUFGCE/O        | None       |          24 |               0 | 24 |           0 |    0 |   0 |  0 |    0 |   0 |       0 | clk_i2c_w_BUFG          |
+-----------+-------+-----------------+------------+-------------+-----------------+----+-------------+------+-----+----+------+-----+---------+-------------------------+
* Clock Loads column represents the clock pin loads (pin count). Internal cell leaf pins are not counted
** Non-Clock Loads column represents the non-clock pin loads (pin count)
*** Columns FF, LUTRAM, RAMB through 'Hard IP' represents load cell counts


16. Clock Region Cell Placement per Global Clock: Region X1Y1
-------------------------------------------------------------

+-----------+-------+-----------------+------------+-------------+-----------------+-----+-------------+------+-----+----+------+-----+---------+-------------------------+
| Global Id | Track | Driver Type/Pin | Constraint | Clock Loads | Non-Clock Loads | FF  | Memory LUTs | RAMB | DSP | GT | MMCM | PLL | Hard IP | Net                     |
+-----------+-------+-----------------+------------+-------------+-----------------+-----+-------------+------+-----+----+------+-----+---------+-------------------------+
| g0        | 0     | BUFGCE/O        | None       |         166 |               1 | 142 |           0 |   24 |   0 |  0 |    0 |   0 |       0 | TFTLCD_TCLK_o_OBUF_BUFG |
| g1        | 6     | BUFGCE/O        | None       |          24 |               0 |   0 |           0 |   24 |   0 |  0 |    0 |   0 |       0 | camera_PCLK_i_IBUF_BUFG |
| g3+       | 2     | BUFGCE/O        | None       |           0 |               0 |   0 |           0 |    0 |   0 |  0 |    0 |   0 |       0 | camera_MCLK_o_OBUF_BUFG |
| g4        | 3     | BUFGCE/O        | None       |          17 |               0 |  17 |           0 |    0 |   0 |  0 |    0 |   0 |       0 | sysclk_i_IBUF_BUFG      |
+-----------+-------+-----------------+------------+-------------+-----------------+-----+-------------+------+-----+----+------+-----+---------+-------------------------+
* Clock Loads column represents the clock pin loads (pin count). Internal cell leaf pins are not counted
** Non-Clock Loads column represents the non-clock pin loads (pin count)
*** Columns FF, LUTRAM, RAMB through 'Hard IP' represents load cell counts
**** In Global Id column, sympbol '+' indicates that global clock was used only to route through the clock region.


17. Clock Region Cell Placement per Global Clock: Region X0Y2
-------------------------------------------------------------

+-----------+-------+-----------------+------------+-------------+-----------------+----+-------------+------+-----+----+------+-----+---------+-------------------------+
| Global Id | Track | Driver Type/Pin | Constraint | Clock Loads | Non-Clock Loads | FF | Memory LUTs | RAMB | DSP | GT | MMCM | PLL | Hard IP | Net                     |
+-----------+-------+-----------------+------------+-------------+-----------------+----+-------------+------+-----+----+------+-----+---------+-------------------------+
| g0+       | 0     | BUFGCE/O        | None       |           0 |               0 |  0 |           0 |    0 |   0 |  0 |    0 |   0 |       0 | TFTLCD_TCLK_o_OBUF_BUFG |
| g1        | 6     | BUFGCE/O        | None       |          10 |               0 | 10 |           0 |    0 |   0 |  0 |    0 |   0 |       0 | camera_PCLK_i_IBUF_BUFG |
| g2        | 1     | BUFGCE/O        | None       |          57 |               0 | 57 |           0 |    0 |   0 |  0 |    0 |   0 |       0 | clk_i2c_w_BUFG          |
| g3        | 2     | BUFGCE/O        | None       |           0 |               1 |  0 |           0 |    0 |   0 |  0 |    0 |   0 |       0 | camera_MCLK_o_OBUF_BUFG |
| g4+       | 3     | BUFGCE/O        | None       |           0 |               0 |  0 |           0 |    0 |   0 |  0 |    0 |   0 |       0 | sysclk_i_IBUF_BUFG      |
+-----------+-------+-----------------+------------+-------------+-----------------+----+-------------+------+-----+----+------+-----+---------+-------------------------+
* Clock Loads column represents the clock pin loads (pin count). Internal cell leaf pins are not counted
** Non-Clock Loads column represents the non-clock pin loads (pin count)
*** Columns FF, LUTRAM, RAMB through 'Hard IP' represents load cell counts
**** In Global Id column, sympbol '+' indicates that global clock was used only to route through the clock region.


18. Clock Region Cell Placement per Global Clock: Region X1Y2
-------------------------------------------------------------

+-----------+-------+-----------------+------------+-------------+-----------------+----+-------------+------+-----+----+------+-----+---------+-------------------------+
| Global Id | Track | Driver Type/Pin | Constraint | Clock Loads | Non-Clock Loads | FF | Memory LUTs | RAMB | DSP | GT | MMCM | PLL | Hard IP | Net                     |
+-----------+-------+-----------------+------------+-------------+-----------------+----+-------------+------+-----+----+------+-----+---------+-------------------------+
| g0        | 0     | BUFGCE/O        | None       |           1 |               0 |  0 |           0 |    1 |   0 |  0 |    0 |   0 |       0 | TFTLCD_TCLK_o_OBUF_BUFG |
| g1        | 6     | BUFGCE/O        | None       |           1 |               0 |  0 |           0 |    1 |   0 |  0 |    0 |   0 |       0 | camera_PCLK_i_IBUF_BUFG |
| g2+       | 1     | BUFGCE/O        | None       |           0 |               0 |  0 |           0 |    0 |   0 |  0 |    0 |   0 |       0 | clk_i2c_w_BUFG          |
| g3        | 2     | BUFGCE/O        | None       |          17 |               0 | 17 |           0 |    0 |   0 |  0 |    0 |   0 |       0 | camera_MCLK_o_OBUF_BUFG |
| g4+       | 3     | BUFGCE/O        | None       |           0 |               0 |  0 |           0 |    0 |   0 |  0 |    0 |   0 |       0 | sysclk_i_IBUF_BUFG      |
+-----------+-------+-----------------+------------+-------------+-----------------+----+-------------+------+-----+----+------+-----+---------+-------------------------+
* Clock Loads column represents the clock pin loads (pin count). Internal cell leaf pins are not counted
** Non-Clock Loads column represents the non-clock pin loads (pin count)
*** Columns FF, LUTRAM, RAMB through 'Hard IP' represents load cell counts
**** In Global Id column, sympbol '+' indicates that global clock was used only to route through the clock region.


